2011-11-9 15:11:15   【登录失败！】   列名 'F_sLoginPaw' 无效。

2011-11-9 15:12:23   【登录失败！】   列“F_sLoginUser”不属于表 ds。

2011-11-9 15:12:30   【登录失败！】   列“F_sLoginUser”不属于表 ds。

2011-11-9 15:13:27   【登录失败！】   未将对象引用设置到对象的实例。

2011-11-9 16:04:34   【商城新闻---错误】   索引超出了数组界限。

2011-11-9 16:04:34   【商城新闻---错误】   索引超出了数组界限。

2011-11-9 16:04:34   【商城新闻---错误】   索引超出了数组界限。

2011-11-9 16:04:34   【商城新闻---错误】   索引超出了数组界限。

2011-11-9 16:04:34   【商城新闻---错误】   索引超出了数组界限。

2011-11-9 16:04:34   【商城新闻---错误】   索引超出了数组界限。

2011-11-9 16:04:34   【商城新闻---错误】   索引超出了数组界限。

2011-11-9 16:04:34   【商城新闻---错误】   索引超出了数组界限。

2011-11-9 16:04:34   【商城新闻---错误】   索引超出了数组界限。

2011-11-9 16:04:34   【商城新闻---错误】   索引超出了数组界限。

2011-11-9 16:04:34   【商城新闻---错误】   索引超出了数组界限。

2011-11-9 16:04:34   【商城新闻---错误】   索引超出了数组界限。

2011-11-9 16:04:34   【商城新闻---错误】   索引超出了数组界限。

2011-11-9 16:04:34   【商城新闻---错误】   索引超出了数组界限。

2011-11-9 16:04:34   【商城新闻---错误】   索引超出了数组界限。

2011-11-9 16:51:42   【登录失败！】   未将对象引用设置到对象的实例。

2011-11-9 16:51:49   【商城新闻---错误】   索引超出了数组界限。

2011-11-9 16:51:49   【商城新闻---错误】   索引超出了数组界限。

2011-11-9 16:51:49   【商城新闻---错误】   索引超出了数组界限。

2011-11-9 16:51:49   【商城新闻---错误】   索引超出了数组界限。

2011-11-9 16:51:49   【商城新闻---错误】   索引超出了数组界限。

2011-11-9 16:51:49   【商城新闻---错误】   索引超出了数组界限。

2011-11-9 16:51:49   【商城新闻---错误】   索引超出了数组界限。

2011-11-9 16:51:49   【商城新闻---错误】   索引超出了数组界限。

2011-11-9 16:51:49   【商城新闻---错误】   索引超出了数组界限。

2011-11-9 16:51:49   【商城新闻---错误】   索引超出了数组界限。

2011-11-9 16:51:49   【商城新闻---错误】   索引超出了数组界限。

2011-11-9 16:51:49   【商城新闻---错误】   索引超出了数组界限。

2011-11-9 16:51:49   【商城新闻---错误】   索引超出了数组界限。

2011-11-9 16:51:49   【商城新闻---错误】   索引超出了数组界限。

2011-11-9 16:51:49   【商城新闻---错误】   索引超出了数组界限。

2011-11-9 16:55:39   【商城新闻---错误】   索引超出了数组界限。

2011-11-9 16:55:39   【商城新闻---错误】   索引超出了数组界限。

2011-11-9 16:55:39   【商城新闻---错误】   索引超出了数组界限。

2011-11-9 16:55:39   【商城新闻---错误】   索引超出了数组界限。

2011-11-9 16:55:39   【商城新闻---错误】   索引超出了数组界限。

2011-11-9 16:55:39   【商城新闻---错误】   索引超出了数组界限。

2011-11-9 16:55:39   【商城新闻---错误】   索引超出了数组界限。

2011-11-9 16:55:39   【商城新闻---错误】   索引超出了数组界限。

2011-11-9 16:55:39   【商城新闻---错误】   索引超出了数组界限。

2011-11-9 16:55:39   【商城新闻---错误】   索引超出了数组界限。

2011-11-9 16:55:39   【商城新闻---错误】   索引超出了数组界限。

2011-11-9 16:55:39   【商城新闻---错误】   索引超出了数组界限。

2011-11-9 16:55:39   【商城新闻---错误】   索引超出了数组界限。

2011-11-9 16:57:59   【商城新闻---错误】   索引超出了数组界限。

2011-11-9 16:57:59   【商城新闻---错误】   索引超出了数组界限。

2011-11-9 16:57:59   【商城新闻---错误】   索引超出了数组界限。

2011-11-9 16:57:59   【商城新闻---错误】   索引超出了数组界限。

2011-11-9 16:57:59   【商城新闻---错误】   索引超出了数组界限。

2011-11-9 16:57:59   【商城新闻---错误】   索引超出了数组界限。

2011-11-9 16:57:59   【商城新闻---错误】   索引超出了数组界限。

2011-11-9 16:57:59   【商城新闻---错误】   索引超出了数组界限。

2011-11-9 16:57:59   【商城新闻---错误】   索引超出了数组界限。

2011-11-9 16:57:59   【商城新闻---错误】   索引超出了数组界限。

2011-11-9 16:57:59   【商城新闻---错误】   索引超出了数组界限。

2011-11-9 16:57:59   【商城新闻---错误】   索引超出了数组界限。

2011-11-9 16:57:59   【商城新闻---错误】   索引超出了数组界限。

2011-11-9 16:57:59   【商城新闻---错误】   索引超出了数组界限。

2011-11-9 16:57:59   【商城新闻---错误】   索引超出了数组界限。

2011-11-9 16:58:02   【商城新闻---错误】   索引超出了数组界限。

2011-11-9 16:58:02   【商城新闻---错误】   索引超出了数组界限。

2011-11-9 16:58:02   【商城新闻---错误】   索引超出了数组界限。

2011-11-9 16:58:18   【商城新闻---错误】   索引超出了数组界限。

2011-11-9 16:58:18   【商城新闻---错误】   索引超出了数组界限。

2011-11-9 16:58:18   【商城新闻---错误】   索引超出了数组界限。

2011-11-9 16:58:18   【商城新闻---错误】   索引超出了数组界限。

2011-11-9 16:58:18   【商城新闻---错误】   索引超出了数组界限。

2011-11-9 16:58:18   【商城新闻---错误】   索引超出了数组界限。

2011-11-9 16:58:18   【商城新闻---错误】   索引超出了数组界限。

2011-11-9 16:58:18   【商城新闻---错误】   索引超出了数组界限。

2011-11-9 16:58:18   【商城新闻---错误】   索引超出了数组界限。

2011-11-9 16:58:18   【商城新闻---错误】   索引超出了数组界限。

2011-11-9 16:58:18   【商城新闻---错误】   索引超出了数组界限。

2011-11-9 16:58:18   【商城新闻---错误】   索引超出了数组界限。

2011-11-9 16:58:18   【商城新闻---错误】   索引超出了数组界限。

2011-11-9 16:58:18   【商城新闻---错误】   索引超出了数组界限。

2011-11-9 16:58:18   【商城新闻---错误】   索引超出了数组界限。

2011-11-9 16:58:32   【商城新闻---错误】   索引超出了数组界限。

2011-11-9 16:58:32   【商城新闻---错误】   索引超出了数组界限。

2011-11-9 16:58:32   【商城新闻---错误】   索引超出了数组界限。

2011-11-9 16:58:32   【商城新闻---错误】   索引超出了数组界限。

2011-11-9 16:58:32   【商城新闻---错误】   索引超出了数组界限。

2011-11-9 16:58:32   【商城新闻---错误】   索引超出了数组界限。

2011-11-9 16:58:32   【商城新闻---错误】   索引超出了数组界限。

2011-11-9 16:58:32   【商城新闻---错误】   索引超出了数组界限。

2011-11-9 16:58:32   【商城新闻---错误】   索引超出了数组界限。

2011-11-9 16:58:32   【商城新闻---错误】   索引超出了数组界限。

2011-11-9 16:58:32   【商城新闻---错误】   索引超出了数组界限。

2011-11-9 16:58:32   【商城新闻---错误】   索引超出了数组界限。

2011-11-9 16:58:32   【商城新闻---错误】   索引超出了数组界限。

2011-11-9 16:58:32   【商城新闻---错误】   索引超出了数组界限。

2011-11-9 16:58:32   【商城新闻---错误】   索引超出了数组界限。

2011-11-9 17:09:16   【商城新闻---错误】   索引超出了数组界限。

2011-11-9 17:09:16   【商城新闻---错误】   索引超出了数组界限。

2011-11-9 17:09:16   【商城新闻---错误】   索引超出了数组界限。

2011-11-9 17:09:17   【商城新闻---错误】   索引超出了数组界限。

2011-11-9 17:09:17   【商城新闻---错误】   索引超出了数组界限。

2011-11-9 17:09:17   【商城新闻---错误】   索引超出了数组界限。

2011-11-9 17:09:17   【商城新闻---错误】   索引超出了数组界限。

2011-11-9 17:09:17   【商城新闻---错误】   索引超出了数组界限。

2011-11-9 17:09:17   【商城新闻---错误】   索引超出了数组界限。

2011-11-9 17:09:17   【商城新闻---错误】   索引超出了数组界限。

2011-11-9 17:09:17   【商城新闻---错误】   索引超出了数组界限。

2011-11-9 17:09:17   【商城新闻---错误】   索引超出了数组界限。

2011-11-9 17:09:17   【商城新闻---错误】   索引超出了数组界限。

2011-11-9 17:09:17   【商城新闻---错误】   索引超出了数组界限。

2011-11-9 17:09:17   【商城新闻---错误】   索引超出了数组界限。

2011-11-9 17:10:00   【商城新闻---错误】   索引超出了数组界限。

2011-11-9 17:10:00   【商城新闻---错误】   索引超出了数组界限。

2011-11-9 17:10:00   【商城新闻---错误】   索引超出了数组界限。

2011-11-9 17:10:00   【商城新闻---错误】   索引超出了数组界限。

2011-11-9 17:10:00   【商城新闻---错误】   索引超出了数组界限。

2011-11-9 17:10:00   【商城新闻---错误】   索引超出了数组界限。

2011-11-9 17:10:00   【商城新闻---错误】   索引超出了数组界限。

2011-11-9 17:10:00   【商城新闻---错误】   索引超出了数组界限。

2011-11-9 17:10:00   【商城新闻---错误】   索引超出了数组界限。

2011-11-9 17:10:00   【商城新闻---错误】   索引超出了数组界限。

2011-11-9 17:10:00   【商城新闻---错误】   索引超出了数组界限。

2011-11-9 17:10:00   【商城新闻---错误】   索引超出了数组界限。

2011-11-9 17:10:00   【商城新闻---错误】   索引超出了数组界限。

2011-11-9 17:10:00   【商城新闻---错误】   索引超出了数组界限。

2011-11-9 17:10:00   【商城新闻---错误】   索引超出了数组界限。

2011-11-9 17:10:03   【商城新闻---错误】   索引超出了数组界限。

2011-11-9 17:10:03   【商城新闻---错误】   索引超出了数组界限。

2011-11-9 17:10:03   【商城新闻---错误】   索引超出了数组界限。

2011-11-9 17:10:03   【商城新闻---错误】   索引超出了数组界限。

2011-11-9 17:10:03   【商城新闻---错误】   索引超出了数组界限。

2011-11-9 17:10:03   【商城新闻---错误】   索引超出了数组界限。

2011-11-9 17:10:03   【商城新闻---错误】   索引超出了数组界限。

2011-11-9 17:10:03   【商城新闻---错误】   索引超出了数组界限。

2011-11-9 17:10:03   【商城新闻---错误】   索引超出了数组界限。

2011-11-9 17:10:03   【商城新闻---错误】   索引超出了数组界限。

2011-11-9 17:10:03   【商城新闻---错误】   索引超出了数组界限。

2011-11-9 17:10:03   【商城新闻---错误】   索引超出了数组界限。

2011-11-9 17:10:03   【商城新闻---错误】   索引超出了数组界限。

2011-11-9 17:10:03   【商城新闻---错误】   索引超出了数组界限。

2011-11-9 17:10:03   【商城新闻---错误】   索引超出了数组界限。

2011-11-9 17:11:21   【商城新闻---错误】   索引超出了数组界限。

2011-11-9 17:11:21   【商城新闻---错误】   索引超出了数组界限。

2011-11-9 17:11:21   【商城新闻---错误】   索引超出了数组界限。

2011-11-9 17:11:21   【商城新闻---错误】   索引超出了数组界限。

2011-11-9 17:11:21   【商城新闻---错误】   索引超出了数组界限。

2011-11-9 17:11:21   【商城新闻---错误】   索引超出了数组界限。

2011-11-9 17:11:21   【商城新闻---错误】   索引超出了数组界限。

2011-11-9 17:11:21   【商城新闻---错误】   索引超出了数组界限。

2011-11-9 17:11:21   【商城新闻---错误】   索引超出了数组界限。

2011-11-9 17:11:21   【商城新闻---错误】   索引超出了数组界限。

2011-11-9 17:11:21   【商城新闻---错误】   索引超出了数组界限。

2011-11-9 17:11:21   【商城新闻---错误】   索引超出了数组界限。

2011-11-9 17:11:21   【商城新闻---错误】   索引超出了数组界限。

2011-11-9 17:11:21   【商城新闻---错误】   索引超出了数组界限。

2011-11-9 17:11:21   【商城新闻---错误】   索引超出了数组界限。

2011-11-9 17:11:25   【商城新闻---错误】   索引超出了数组界限。

2011-11-9 17:11:25   【商城新闻---错误】   索引超出了数组界限。

2011-11-9 17:11:25   【商城新闻---错误】   索引超出了数组界限。

2011-11-9 17:11:25   【商城新闻---错误】   索引超出了数组界限。

2011-11-9 17:11:25   【商城新闻---错误】   索引超出了数组界限。

2011-11-9 17:11:25   【商城新闻---错误】   索引超出了数组界限。

2011-11-9 17:11:25   【商城新闻---错误】   索引超出了数组界限。

2011-11-9 17:11:25   【商城新闻---错误】   索引超出了数组界限。

2011-11-9 17:11:25   【商城新闻---错误】   索引超出了数组界限。

2011-11-9 17:11:25   【商城新闻---错误】   索引超出了数组界限。

2011-11-9 17:11:25   【商城新闻---错误】   索引超出了数组界限。

2011-11-9 17:11:25   【商城新闻---错误】   索引超出了数组界限。

2011-11-9 17:11:25   【商城新闻---错误】   索引超出了数组界限。

2011-11-9 17:11:25   【商城新闻---错误】   索引超出了数组界限。

2011-11-9 17:11:25   【商城新闻---错误】   索引超出了数组界限。

2011-11-9 17:11:27   【商城新闻---错误】   索引超出了数组界限。

2011-11-9 17:11:27   【商城新闻---错误】   索引超出了数组界限。

2011-11-9 17:11:27   【商城新闻---错误】   索引超出了数组界限。

2011-11-9 17:11:27   【商城新闻---错误】   索引超出了数组界限。

2011-11-9 17:11:27   【商城新闻---错误】   索引超出了数组界限。

2011-11-9 17:11:27   【商城新闻---错误】   索引超出了数组界限。

2011-11-9 17:11:27   【商城新闻---错误】   索引超出了数组界限。

2011-11-9 17:11:27   【商城新闻---错误】   索引超出了数组界限。

2011-11-9 17:11:27   【商城新闻---错误】   索引超出了数组界限。

2011-11-9 17:11:27   【商城新闻---错误】   索引超出了数组界限。

2011-11-9 17:11:27   【商城新闻---错误】   索引超出了数组界限。

2011-11-9 17:11:27   【商城新闻---错误】   索引超出了数组界限。

2011-11-9 17:11:27   【商城新闻---错误】   索引超出了数组界限。

2011-11-9 17:11:27   【商城新闻---错误】   索引超出了数组界限。

2011-11-9 17:11:27   【商城新闻---错误】   索引超出了数组界限。

2011-11-9 17:11:28   【商城新闻---错误】   索引超出了数组界限。

2011-11-9 17:11:28   【商城新闻---错误】   索引超出了数组界限。

2011-11-9 17:11:28   【商城新闻---错误】   索引超出了数组界限。

2011-11-9 17:11:28   【商城新闻---错误】   索引超出了数组界限。

2011-11-9 17:11:28   【商城新闻---错误】   索引超出了数组界限。

2011-11-9 17:11:28   【商城新闻---错误】   索引超出了数组界限。

2011-11-9 17:11:28   【商城新闻---错误】   索引超出了数组界限。

2011-11-9 17:11:28   【商城新闻---错误】   索引超出了数组界限。

2011-11-9 17:11:28   【商城新闻---错误】   索引超出了数组界限。

2011-11-9 17:11:28   【商城新闻---错误】   索引超出了数组界限。

2011-11-9 17:11:28   【商城新闻---错误】   索引超出了数组界限。

2011-11-9 17:11:28   【商城新闻---错误】   索引超出了数组界限。

2011-11-9 17:11:28   【商城新闻---错误】   索引超出了数组界限。

2011-11-9 17:11:28   【商城新闻---错误】   索引超出了数组界限。

2011-11-9 17:11:28   【商城新闻---错误】   索引超出了数组界限。

2011-11-9 17:11:30   【商城新闻---错误】   索引超出了数组界限。

2011-11-9 17:11:30   【商城新闻---错误】   索引超出了数组界限。

2011-11-9 17:11:30   【商城新闻---错误】   索引超出了数组界限。

2011-11-9 17:11:30   【商城新闻---错误】   索引超出了数组界限。

2011-11-9 17:11:30   【商城新闻---错误】   索引超出了数组界限。

2011-11-9 17:11:30   【商城新闻---错误】   索引超出了数组界限。

2011-11-9 17:11:30   【商城新闻---错误】   索引超出了数组界限。

2011-11-9 17:11:30   【商城新闻---错误】   索引超出了数组界限。

2011-11-9 17:11:30   【商城新闻---错误】   索引超出了数组界限。

2011-11-9 17:11:30   【商城新闻---错误】   索引超出了数组界限。

2011-11-9 17:11:30   【商城新闻---错误】   索引超出了数组界限。

2011-11-9 17:11:30   【商城新闻---错误】   索引超出了数组界限。

2011-11-9 17:11:30   【商城新闻---错误】   索引超出了数组界限。

2011-11-9 17:11:30   【商城新闻---错误】   索引超出了数组界限。

2011-11-9 17:11:30   【商城新闻---错误】   索引超出了数组界限。

2011-11-9 17:11:32   【商城新闻---错误】   索引超出了数组界限。

2011-11-9 17:11:32   【商城新闻---错误】   索引超出了数组界限。

2011-11-9 17:11:32   【商城新闻---错误】   索引超出了数组界限。

2011-11-9 17:11:32   【商城新闻---错误】   索引超出了数组界限。

2011-11-9 17:11:32   【商城新闻---错误】   索引超出了数组界限。

2011-11-9 17:11:32   【商城新闻---错误】   索引超出了数组界限。

2011-11-9 17:11:32   【商城新闻---错误】   索引超出了数组界限。

2011-11-9 17:11:32   【商城新闻---错误】   索引超出了数组界限。

2011-11-9 17:11:32   【商城新闻---错误】   索引超出了数组界限。

2011-11-9 17:11:32   【商城新闻---错误】   索引超出了数组界限。

2011-11-9 17:11:32   【商城新闻---错误】   索引超出了数组界限。

2011-11-9 17:11:32   【商城新闻---错误】   索引超出了数组界限。

2011-11-9 17:11:32   【商城新闻---错误】   索引超出了数组界限。

2011-11-9 17:11:32   【商城新闻---错误】   索引超出了数组界限。

2011-11-9 17:11:32   【商城新闻---错误】   索引超出了数组界限。

2011-11-9 17:11:33   【商城新闻---错误】   索引超出了数组界限。

2011-11-9 17:11:33   【商城新闻---错误】   索引超出了数组界限。

2011-11-9 17:11:33   【商城新闻---错误】   索引超出了数组界限。

2011-11-9 17:11:33   【商城新闻---错误】   索引超出了数组界限。

2011-11-9 17:11:33   【商城新闻---错误】   索引超出了数组界限。

2011-11-9 17:11:33   【商城新闻---错误】   索引超出了数组界限。

2011-11-9 17:11:33   【商城新闻---错误】   索引超出了数组界限。

2011-11-9 17:11:33   【商城新闻---错误】   索引超出了数组界限。

2011-11-9 17:11:33   【商城新闻---错误】   索引超出了数组界限。

2011-11-9 17:11:33   【商城新闻---错误】   索引超出了数组界限。

2011-11-9 17:11:33   【商城新闻---错误】   索引超出了数组界限。

2011-11-9 17:11:33   【商城新闻---错误】   索引超出了数组界限。

2011-11-9 17:11:33   【商城新闻---错误】   索引超出了数组界限。

2011-11-9 17:11:33   【商城新闻---错误】   索引超出了数组界限。

2011-11-9 17:11:33   【商城新闻---错误】   索引超出了数组界限。

2011-11-9 17:11:34   【商城新闻---错误】   索引超出了数组界限。

2011-11-9 17:11:34   【商城新闻---错误】   索引超出了数组界限。

2011-11-9 17:11:34   【商城新闻---错误】   索引超出了数组界限。

2011-11-9 17:11:34   【商城新闻---错误】   索引超出了数组界限。

2011-11-9 17:11:34   【商城新闻---错误】   索引超出了数组界限。

2011-11-9 17:11:34   【商城新闻---错误】   索引超出了数组界限。

2011-11-9 17:11:34   【商城新闻---错误】   索引超出了数组界限。

2011-11-9 17:11:34   【商城新闻---错误】   索引超出了数组界限。

2011-11-9 17:11:34   【商城新闻---错误】   索引超出了数组界限。

2011-11-9 17:11:34   【商城新闻---错误】   索引超出了数组界限。

2011-11-9 17:11:34   【商城新闻---错误】   索引超出了数组界限。

2011-11-9 17:11:34   【商城新闻---错误】   索引超出了数组界限。

2011-11-9 17:11:34   【商城新闻---错误】   索引超出了数组界限。

2011-11-9 17:11:40   【商城新闻---错误】   索引超出了数组界限。

2011-11-9 17:11:40   【商城新闻---错误】   索引超出了数组界限。

2011-11-9 17:11:40   【商城新闻---错误】   索引超出了数组界限。

2011-11-9 17:11:40   【商城新闻---错误】   索引超出了数组界限。

2011-11-9 17:11:40   【商城新闻---错误】   索引超出了数组界限。

2011-11-9 17:11:40   【商城新闻---错误】   索引超出了数组界限。

2011-11-9 17:11:40   【商城新闻---错误】   索引超出了数组界限。

2011-11-9 17:11:40   【商城新闻---错误】   索引超出了数组界限。

2011-11-9 17:11:40   【商城新闻---错误】   索引超出了数组界限。

2011-11-9 17:11:40   【商城新闻---错误】   索引超出了数组界限。

2011-11-9 17:11:40   【商城新闻---错误】   索引超出了数组界限。

2011-11-9 17:11:40   【商城新闻---错误】   索引超出了数组界限。

2011-11-9 17:11:40   【商城新闻---错误】   索引超出了数组界限。

2011-11-9 17:11:40   【商城新闻---错误】   索引超出了数组界限。

2011-11-9 17:11:40   【商城新闻---错误】   索引超出了数组界限。

2011-11-9 17:11:42   【商城新闻---错误】   索引超出了数组界限。

2011-11-9 17:11:42   【商城新闻---错误】   索引超出了数组界限。

2011-11-9 17:11:42   【商城新闻---错误】   索引超出了数组界限。

2011-11-9 17:11:42   【商城新闻---错误】   索引超出了数组界限。

2011-11-9 17:11:42   【商城新闻---错误】   索引超出了数组界限。

2011-11-9 17:11:42   【商城新闻---错误】   索引超出了数组界限。

2011-11-9 17:11:42   【商城新闻---错误】   索引超出了数组界限。

2011-11-9 17:11:42   【商城新闻---错误】   索引超出了数组界限。

2011-11-9 17:11:42   【商城新闻---错误】   索引超出了数组界限。

2011-11-9 17:11:42   【商城新闻---错误】   索引超出了数组界限。

2011-11-9 17:11:42   【商城新闻---错误】   索引超出了数组界限。

2011-11-9 17:11:42   【商城新闻---错误】   索引超出了数组界限。

2011-11-9 17:11:42   【商城新闻---错误】   索引超出了数组界限。

2011-11-9 17:11:42   【商城新闻---错误】   索引超出了数组界限。

2011-11-9 17:11:42   【商城新闻---错误】   索引超出了数组界限。

2011-11-9 17:11:43   【商城新闻---错误】   索引超出了数组界限。

2011-11-9 17:11:43   【商城新闻---错误】   索引超出了数组界限。

2011-11-9 17:11:43   【商城新闻---错误】   索引超出了数组界限。

2011-11-9 17:11:43   【商城新闻---错误】   索引超出了数组界限。

2011-11-9 17:11:43   【商城新闻---错误】   索引超出了数组界限。

2011-11-9 17:11:43   【商城新闻---错误】   索引超出了数组界限。

2011-11-9 17:11:44   【商城新闻---错误】   索引超出了数组界限。

2011-11-9 17:11:44   【商城新闻---错误】   索引超出了数组界限。

2011-11-9 17:11:44   【商城新闻---错误】   索引超出了数组界限。

2011-11-9 17:11:44   【商城新闻---错误】   索引超出了数组界限。

2011-11-9 17:11:44   【商城新闻---错误】   索引超出了数组界限。

2011-11-9 17:11:44   【商城新闻---错误】   索引超出了数组界限。

2011-11-9 17:11:44   【商城新闻---错误】   索引超出了数组界限。

2011-11-9 17:11:44   【商城新闻---错误】   索引超出了数组界限。

2011-11-9 17:11:44   【商城新闻---错误】   索引超出了数组界限。

2011-11-9 17:11:45   【商城新闻---错误】   索引超出了数组界限。

2011-11-9 17:11:45   【商城新闻---错误】   索引超出了数组界限。

2011-11-9 17:11:45   【商城新闻---错误】   索引超出了数组界限。

2011-11-9 17:11:45   【商城新闻---错误】   索引超出了数组界限。

2011-11-9 17:11:45   【商城新闻---错误】   索引超出了数组界限。

2011-11-9 17:11:45   【商城新闻---错误】   索引超出了数组界限。

2011-11-9 17:11:45   【商城新闻---错误】   索引超出了数组界限。

2011-11-9 17:11:45   【商城新闻---错误】   索引超出了数组界限。

2011-11-9 17:11:45   【商城新闻---错误】   索引超出了数组界限。

2011-11-9 17:11:45   【商城新闻---错误】   索引超出了数组界限。

2011-11-9 17:11:45   【商城新闻---错误】   索引超出了数组界限。

2011-11-9 17:11:45   【商城新闻---错误】   索引超出了数组界限。

2011-11-9 17:11:45   【商城新闻---错误】   索引超出了数组界限。

2011-11-9 17:11:45   【商城新闻---错误】   索引超出了数组界限。

2011-11-9 17:11:45   【商城新闻---错误】   索引超出了数组界限。

2011-11-9 17:11:46   【商城新闻---错误】   索引超出了数组界限。

2011-11-9 17:11:46   【商城新闻---错误】   索引超出了数组界限。

2011-11-9 17:11:46   【商城新闻---错误】   索引超出了数组界限。

2011-11-9 17:11:46   【商城新闻---错误】   索引超出了数组界限。

2011-11-9 17:11:46   【商城新闻---错误】   索引超出了数组界限。

2011-11-9 17:11:46   【商城新闻---错误】   索引超出了数组界限。

2011-11-9 17:11:46   【商城新闻---错误】   索引超出了数组界限。

2011-11-9 17:11:46   【商城新闻---错误】   索引超出了数组界限。

2011-11-9 17:11:46   【商城新闻---错误】   索引超出了数组界限。

2011-11-9 17:11:46   【商城新闻---错误】   索引超出了数组界限。

2011-11-9 17:11:46   【商城新闻---错误】   索引超出了数组界限。

2011-11-9 17:11:46   【商城新闻---错误】   索引超出了数组界限。

2011-11-9 17:11:46   【商城新闻---错误】   索引超出了数组界限。

2011-11-9 17:11:46   【商城新闻---错误】   索引超出了数组界限。

2011-11-9 17:11:46   【商城新闻---错误】   索引超出了数组界限。

2011-11-9 17:11:48   【商城新闻---错误】   索引超出了数组界限。

2011-11-9 17:11:48   【商城新闻---错误】   索引超出了数组界限。

2011-11-9 17:11:48   【商城新闻---错误】   索引超出了数组界限。

2011-11-9 17:11:48   【商城新闻---错误】   索引超出了数组界限。

2011-11-9 17:11:48   【商城新闻---错误】   索引超出了数组界限。

2011-11-9 17:11:48   【商城新闻---错误】   索引超出了数组界限。

2011-11-9 17:11:48   【商城新闻---错误】   索引超出了数组界限。

2011-11-9 17:11:48   【商城新闻---错误】   索引超出了数组界限。

2011-11-9 17:11:48   【商城新闻---错误】   索引超出了数组界限。

2011-11-9 17:11:48   【商城新闻---错误】   索引超出了数组界限。

2011-11-9 17:11:48   【商城新闻---错误】   索引超出了数组界限。

2011-11-9 17:11:48   【商城新闻---错误】   索引超出了数组界限。

2011-11-9 17:11:48   【商城新闻---错误】   索引超出了数组界限。

2011-11-9 17:11:48   【商城新闻---错误】   索引超出了数组界限。

2011-11-9 17:11:48   【商城新闻---错误】   索引超出了数组界限。

2011-11-9 17:11:49   【商城新闻---错误】   索引超出了数组界限。

2011-11-9 17:11:49   【商城新闻---错误】   索引超出了数组界限。

2011-11-9 17:11:49   【商城新闻---错误】   索引超出了数组界限。

2011-11-9 17:11:49   【商城新闻---错误】   索引超出了数组界限。

2011-11-9 17:11:49   【商城新闻---错误】   索引超出了数组界限。

2011-11-9 17:11:49   【商城新闻---错误】   索引超出了数组界限。

2011-11-9 17:11:49   【商城新闻---错误】   索引超出了数组界限。

2011-11-9 17:11:49   【商城新闻---错误】   索引超出了数组界限。

2011-11-9 17:11:49   【商城新闻---错误】   索引超出了数组界限。

2011-11-9 17:11:49   【商城新闻---错误】   索引超出了数组界限。

2011-11-9 17:11:49   【商城新闻---错误】   索引超出了数组界限。

2011-11-9 17:11:49   【商城新闻---错误】   索引超出了数组界限。

2011-11-9 17:11:49   【商城新闻---错误】   索引超出了数组界限。

2011-11-9 17:11:49   【商城新闻---错误】   索引超出了数组界限。

2011-11-9 17:11:49   【商城新闻---错误】   索引超出了数组界限。

2011-11-9 17:11:51   【商城新闻---错误】   索引超出了数组界限。

2011-11-9 17:11:51   【商城新闻---错误】   索引超出了数组界限。

2011-11-9 17:11:51   【商城新闻---错误】   索引超出了数组界限。

2011-11-9 17:11:51   【商城新闻---错误】   索引超出了数组界限。

2011-11-9 17:11:51   【商城新闻---错误】   索引超出了数组界限。

2011-11-9 17:11:51   【商城新闻---错误】   索引超出了数组界限。

2011-11-9 17:11:51   【商城新闻---错误】   索引超出了数组界限。

2011-11-9 17:11:51   【商城新闻---错误】   索引超出了数组界限。

2011-11-9 17:11:51   【商城新闻---错误】   索引超出了数组界限。

2011-11-9 17:11:51   【商城新闻---错误】   索引超出了数组界限。

2011-11-9 17:11:51   【商城新闻---错误】   索引超出了数组界限。

2011-11-9 17:11:51   【商城新闻---错误】   索引超出了数组界限。

2011-11-9 17:11:51   【商城新闻---错误】   索引超出了数组界限。

2011-11-9 17:11:51   【商城新闻---错误】   索引超出了数组界限。

2011-11-9 17:11:51   【商城新闻---错误】   索引超出了数组界限。

2011-11-9 17:11:53   【商城新闻---错误】   索引超出了数组界限。

2011-11-9 17:11:53   【商城新闻---错误】   索引超出了数组界限。

2011-11-9 17:11:53   【商城新闻---错误】   索引超出了数组界限。

2011-11-9 17:11:53   【商城新闻---错误】   索引超出了数组界限。

2011-11-9 17:11:53   【商城新闻---错误】   索引超出了数组界限。

2011-11-9 17:11:53   【商城新闻---错误】   索引超出了数组界限。

2011-11-9 17:11:53   【商城新闻---错误】   索引超出了数组界限。

2011-11-9 17:11:53   【商城新闻---错误】   索引超出了数组界限。

2011-11-9 17:11:53   【商城新闻---错误】   索引超出了数组界限。

2011-11-9 17:11:53   【商城新闻---错误】   索引超出了数组界限。

2011-11-9 17:11:53   【商城新闻---错误】   索引超出了数组界限。

2011-11-9 17:11:53   【商城新闻---错误】   索引超出了数组界限。

2011-11-9 17:11:53   【商城新闻---错误】   索引超出了数组界限。

2011-11-9 17:11:53   【商城新闻---错误】   索引超出了数组界限。

2011-11-9 17:11:53   【商城新闻---错误】   索引超出了数组界限。

2011-11-9 17:11:57   【商城新闻---错误】   索引超出了数组界限。

2011-11-9 17:11:57   【商城新闻---错误】   索引超出了数组界限。

2011-11-9 17:11:57   【商城新闻---错误】   索引超出了数组界限。

2011-11-9 17:11:57   【商城新闻---错误】   索引超出了数组界限。

2011-11-9 17:11:57   【商城新闻---错误】   索引超出了数组界限。

2011-11-9 17:11:57   【商城新闻---错误】   索引超出了数组界限。

2011-11-9 17:11:57   【商城新闻---错误】   索引超出了数组界限。

2011-11-9 17:11:57   【商城新闻---错误】   索引超出了数组界限。

2011-11-9 17:11:57   【商城新闻---错误】   索引超出了数组界限。

2011-11-9 17:11:57   【商城新闻---错误】   索引超出了数组界限。

2011-11-9 17:11:57   【商城新闻---错误】   索引超出了数组界限。

2011-11-9 17:11:57   【商城新闻---错误】   索引超出了数组界限。

2011-11-9 17:11:57   【商城新闻---错误】   索引超出了数组界限。

2011-11-9 17:11:57   【商城新闻---错误】   索引超出了数组界限。

2011-11-9 17:11:57   【商城新闻---错误】   索引超出了数组界限。

2011-11-9 17:11:59   【商城新闻---错误】   索引超出了数组界限。

2011-11-9 17:11:59   【商城新闻---错误】   索引超出了数组界限。

2011-11-9 17:11:59   【商城新闻---错误】   索引超出了数组界限。

2011-11-9 17:11:59   【商城新闻---错误】   索引超出了数组界限。

2011-11-9 17:11:59   【商城新闻---错误】   索引超出了数组界限。

2011-11-9 17:11:59   【商城新闻---错误】   索引超出了数组界限。

2011-11-9 17:11:59   【商城新闻---错误】   索引超出了数组界限。

2011-11-9 17:11:59   【商城新闻---错误】   索引超出了数组界限。

2011-11-9 17:11:59   【商城新闻---错误】   索引超出了数组界限。

2011-11-9 17:11:59   【商城新闻---错误】   索引超出了数组界限。

2011-11-9 17:11:59   【商城新闻---错误】   索引超出了数组界限。

2011-11-9 17:11:59   【商城新闻---错误】   索引超出了数组界限。

2011-11-9 17:11:59   【商城新闻---错误】   索引超出了数组界限。

2011-11-9 17:11:59   【商城新闻---错误】   索引超出了数组界限。

2011-11-9 17:11:59   【商城新闻---错误】   索引超出了数组界限。

2011-11-9 17:13:16   【商城新闻---错误】   索引超出了数组界限。

2011-11-9 17:13:16   【商城新闻---错误】   索引超出了数组界限。

2011-11-9 17:13:16   【商城新闻---错误】   索引超出了数组界限。

2011-11-9 17:13:16   【商城新闻---错误】   索引超出了数组界限。

2011-11-9 17:13:16   【商城新闻---错误】   索引超出了数组界限。

2011-11-9 17:13:16   【商城新闻---错误】   索引超出了数组界限。

2011-11-9 17:13:16   【商城新闻---错误】   索引超出了数组界限。

2011-11-9 17:13:16   【商城新闻---错误】   索引超出了数组界限。

2011-11-9 17:13:16   【商城新闻---错误】   索引超出了数组界限。

2011-11-9 17:13:16   【商城新闻---错误】   索引超出了数组界限。

2011-11-9 17:13:16   【商城新闻---错误】   索引超出了数组界限。

2011-11-9 17:13:16   【商城新闻---错误】   索引超出了数组界限。

2011-11-9 17:13:16   【商城新闻---错误】   索引超出了数组界限。

2011-11-9 17:13:16   【商城新闻---错误】   索引超出了数组界限。

2011-11-9 17:13:16   【商城新闻---错误】   索引超出了数组界限。

2011-11-9 17:13:19   【业务统计加载---错误】   从数据类型 nvarchar 转换为 int 时出错。

2011-11-9 17:35:40   【登录失败！】   未将对象引用设置到对象的实例。

2011-11-9 17:36:08   【登录失败！】   未将对象引用设置到对象的实例。

2011-11-9 17:36:15   【商城新闻---错误】   索引超出了数组界限。

2011-11-9 17:36:15   【商城新闻---错误】   索引超出了数组界限。

2011-11-9 17:36:15   【商城新闻---错误】   索引超出了数组界限。

2011-11-9 17:36:15   【商城新闻---错误】   索引超出了数组界限。

2011-11-9 17:36:15   【商城新闻---错误】   索引超出了数组界限。

2011-11-9 17:36:15   【商城新闻---错误】   索引超出了数组界限。

2011-11-9 17:36:15   【商城新闻---错误】   索引超出了数组界限。

2011-11-9 17:36:15   【商城新闻---错误】   索引超出了数组界限。

2011-11-9 17:36:15   【商城新闻---错误】   索引超出了数组界限。

2011-11-9 17:36:15   【商城新闻---错误】   索引超出了数组界限。

2011-11-9 17:36:15   【商城新闻---错误】   索引超出了数组界限。

2011-11-9 17:36:15   【商城新闻---错误】   索引超出了数组界限。

2011-11-9 17:36:15   【商城新闻---错误】   索引超出了数组界限。

2011-11-9 17:36:15   【商城新闻---错误】   索引超出了数组界限。

2011-11-9 17:36:15   【商城新闻---错误】   索引超出了数组界限。

2011-11-9 17:48:15   【登录失败！】   未将对象引用设置到对象的实例。

2011-11-9 17:51:40   【登录失败！】   未将对象引用设置到对象的实例。

2011-11-9 17:55:35   【登录失败！】   未将对象引用设置到对象的实例。

2011-11-9 17:55:42   【商城新闻---错误】   索引超出了数组界限。

2011-11-9 17:55:42   【商城新闻---错误】   索引超出了数组界限。

2011-11-9 17:55:42   【商城新闻---错误】   索引超出了数组界限。

2011-11-9 17:55:42   【商城新闻---错误】   索引超出了数组界限。

2011-11-9 17:55:42   【商城新闻---错误】   索引超出了数组界限。

2011-11-9 17:55:42   【商城新闻---错误】   索引超出了数组界限。

2011-11-9 17:55:42   【商城新闻---错误】   索引超出了数组界限。

2011-11-9 17:55:42   【商城新闻---错误】   索引超出了数组界限。

2011-11-9 17:55:42   【商城新闻---错误】   索引超出了数组界限。

2011-11-9 17:55:42   【商城新闻---错误】   索引超出了数组界限。

2011-11-9 17:55:42   【商城新闻---错误】   索引超出了数组界限。

2011-11-9 17:55:42   【商城新闻---错误】   索引超出了数组界限。

2011-11-9 17:55:42   【商城新闻---错误】   索引超出了数组界限。

2011-11-9 17:55:42   【商城新闻---错误】   索引超出了数组界限。

2011-11-9 17:55:42   【商城新闻---错误】   索引超出了数组界限。

2011-11-9 17:56:04   【商城新闻---错误】   索引超出了数组界限。

