2011-11-7 10:25:11   【Error】   DataBinding:“System.Data.DataRowView”不包含名为“F_sUserName”的属性。

2011-11-7 10:26:30   【错误】   指定的参数已超出有效值的范围。
参数名: index

2011-11-7 10:26:30   【错误】   指定的参数已超出有效值的范围。
参数名: index

2011-11-7 10:26:30   【错误】   指定的参数已超出有效值的范围。
参数名: index

2011-11-7 10:26:30   【错误】   指定的参数已超出有效值的范围。
参数名: index

2011-11-7 11:26:34   【错误】   列名 'F_sUserName' 无效。

2011-11-7 11:29:38   【错误】   指定的参数已超出有效值的范围。
参数名: index

2011-11-7 11:29:38   【错误】   指定的参数已超出有效值的范围。
参数名: index

2011-11-7 11:29:38   【错误】   指定的参数已超出有效值的范围。
参数名: index

2011-11-7 11:29:38   【错误】   指定的参数已超出有效值的范围。
参数名: index

2011-11-7 11:29:38   【错误】   指定的参数已超出有效值的范围。
参数名: index

2011-11-7 11:31:10   【错误】   指定的参数已超出有效值的范围。
参数名: index

2011-11-7 11:31:10   【错误】   指定的参数已超出有效值的范围。
参数名: index

2011-11-7 11:31:10   【错误】   指定的参数已超出有效值的范围。
参数名: index

2011-11-7 11:31:10   【错误】   指定的参数已超出有效值的范围。
参数名: index

2011-11-7 11:31:10   【错误】   指定的参数已超出有效值的范围。
参数名: index

2011-11-7 11:35:27   【错误】   指定的参数已超出有效值的范围。
参数名: index

2011-11-7 11:35:27   【错误】   指定的参数已超出有效值的范围。
参数名: index

2011-11-7 11:35:27   【错误】   指定的参数已超出有效值的范围。
参数名: index

2011-11-7 11:35:27   【错误】   指定的参数已超出有效值的范围。
参数名: index

2011-11-7 11:35:27   【错误】   指定的参数已超出有效值的范围。
参数名: index

2011-11-7 11:38:19   【错误】   指定的参数已超出有效值的范围。
参数名: index

2011-11-7 11:38:19   【错误】   指定的参数已超出有效值的范围。
参数名: index

2011-11-7 11:38:19   【错误】   指定的参数已超出有效值的范围。
参数名: index

2011-11-7 11:38:19   【错误】   指定的参数已超出有效值的范围。
参数名: index

2011-11-7 11:38:19   【错误】   指定的参数已超出有效值的范围。
参数名: index

2011-11-7 11:38:36   【错误】   指定的参数已超出有效值的范围。
参数名: index

2011-11-7 11:38:36   【错误】   指定的参数已超出有效值的范围。
参数名: index

2011-11-7 11:38:36   【错误】   指定的参数已超出有效值的范围。
参数名: index

2011-11-7 11:38:36   【错误】   指定的参数已超出有效值的范围。
参数名: index

2011-11-7 11:38:36   【错误】   指定的参数已超出有效值的范围。
参数名: index

2011-11-7 11:38:38   【错误】   指定的参数已超出有效值的范围。
参数名: index

2011-11-7 11:38:38   【错误】   指定的参数已超出有效值的范围。
参数名: index

2011-11-7 11:38:38   【错误】   指定的参数已超出有效值的范围。
参数名: index

2011-11-7 11:38:38   【错误】   指定的参数已超出有效值的范围。
参数名: index

2011-11-7 15:24:35   【商城新闻---错误】   索引超出了数组界限。

2011-11-7 15:24:35   【商城新闻---错误】   索引超出了数组界限。

2011-11-7 15:24:35   【商城新闻---错误】   索引超出了数组界限。

2011-11-7 15:24:35   【商城新闻---错误】   索引超出了数组界限。

2011-11-7 15:24:35   【商城新闻---错误】   索引超出了数组界限。

2011-11-7 15:24:35   【商城新闻---错误】   索引超出了数组界限。

2011-11-7 15:24:35   【商城新闻---错误】   索引超出了数组界限。

2011-11-7 15:24:35   【商城新闻---错误】   索引超出了数组界限。

2011-11-7 15:24:35   【商城新闻---错误】   索引超出了数组界限。

2011-11-7 15:24:35   【商城新闻---错误】   索引超出了数组界限。

2011-11-7 15:24:35   【商城新闻---错误】   索引超出了数组界限。

2011-11-7 15:24:35   【商城新闻---错误】   索引超出了数组界限。

2011-11-7 15:24:35   【商城新闻---错误】   索引超出了数组界限。

2011-11-7 15:24:35   【商城新闻---错误】   索引超出了数组界限。

2011-11-7 15:24:35   【商城新闻---错误】   索引超出了数组界限。

2011-11-7 15:37:32   【商城新闻---错误】   索引超出了数组界限。

2011-11-7 15:37:32   【商城新闻---错误】   索引超出了数组界限。

2011-11-7 15:37:32   【商城新闻---错误】   索引超出了数组界限。

2011-11-7 15:37:32   【商城新闻---错误】   索引超出了数组界限。

2011-11-7 15:37:32   【商城新闻---错误】   索引超出了数组界限。

2011-11-7 15:37:32   【商城新闻---错误】   索引超出了数组界限。

2011-11-7 15:37:32   【商城新闻---错误】   索引超出了数组界限。

2011-11-7 15:37:32   【商城新闻---错误】   索引超出了数组界限。

2011-11-7 15:37:32   【商城新闻---错误】   索引超出了数组界限。

2011-11-7 15:37:32   【商城新闻---错误】   索引超出了数组界限。

2011-11-7 15:37:32   【商城新闻---错误】   索引超出了数组界限。

2011-11-7 15:37:32   【商城新闻---错误】   索引超出了数组界限。

2011-11-7 15:37:32   【商城新闻---错误】   索引超出了数组界限。

2011-11-7 15:37:32   【商城新闻---错误】   索引超出了数组界限。

2011-11-7 15:37:32   【商城新闻---错误】   索引超出了数组界限。

2011-11-7 15:37:57   【商城新闻---错误】   索引超出了数组界限。

2011-11-7 15:37:57   【商城新闻---错误】   索引超出了数组界限。

2011-11-7 15:37:57   【商城新闻---错误】   索引超出了数组界限。

2011-11-7 15:37:57   【商城新闻---错误】   索引超出了数组界限。

2011-11-7 15:37:57   【商城新闻---错误】   索引超出了数组界限。

2011-11-7 15:37:57   【商城新闻---错误】   索引超出了数组界限。

2011-11-7 15:37:57   【商城新闻---错误】   索引超出了数组界限。

2011-11-7 15:37:57   【商城新闻---错误】   索引超出了数组界限。

2011-11-7 15:37:57   【商城新闻---错误】   索引超出了数组界限。

2011-11-7 15:37:57   【商城新闻---错误】   索引超出了数组界限。

2011-11-7 15:37:57   【商城新闻---错误】   索引超出了数组界限。

2011-11-7 15:37:57   【商城新闻---错误】   索引超出了数组界限。

2011-11-7 15:37:57   【商城新闻---错误】   索引超出了数组界限。

2011-11-7 15:37:57   【商城新闻---错误】   索引超出了数组界限。

2011-11-7 15:37:57   【商城新闻---错误】   索引超出了数组界限。

2011-11-7 15:38:04   【商城新闻---错误】   索引超出了数组界限。

2011-11-7 15:38:04   【商城新闻---错误】   索引超出了数组界限。

2011-11-7 15:38:04   【商城新闻---错误】   索引超出了数组界限。

2011-11-7 15:38:04   【商城新闻---错误】   索引超出了数组界限。

2011-11-7 15:38:04   【商城新闻---错误】   索引超出了数组界限。

2011-11-7 15:38:04   【商城新闻---错误】   索引超出了数组界限。

2011-11-7 15:38:04   【商城新闻---错误】   索引超出了数组界限。

2011-11-7 15:38:04   【商城新闻---错误】   索引超出了数组界限。

2011-11-7 15:38:04   【商城新闻---错误】   索引超出了数组界限。

2011-11-7 15:38:04   【商城新闻---错误】   索引超出了数组界限。

2011-11-7 15:38:04   【商城新闻---错误】   索引超出了数组界限。

2011-11-7 15:38:04   【商城新闻---错误】   索引超出了数组界限。

2011-11-7 15:38:04   【商城新闻---错误】   索引超出了数组界限。

2011-11-7 15:38:04   【商城新闻---错误】   索引超出了数组界限。

2011-11-7 15:38:04   【商城新闻---错误】   索引超出了数组界限。

2011-11-7 15:38:05   【商城新闻---错误】   索引超出了数组界限。

2011-11-7 15:38:05   【商城新闻---错误】   索引超出了数组界限。

2011-11-7 15:38:05   【商城新闻---错误】   索引超出了数组界限。

2011-11-7 15:38:05   【商城新闻---错误】   索引超出了数组界限。

2011-11-7 15:38:05   【商城新闻---错误】   索引超出了数组界限。

2011-11-7 15:38:05   【商城新闻---错误】   索引超出了数组界限。

2011-11-7 15:38:05   【商城新闻---错误】   索引超出了数组界限。

2011-11-7 15:38:05   【商城新闻---错误】   索引超出了数组界限。

2011-11-7 15:38:05   【商城新闻---错误】   索引超出了数组界限。

2011-11-7 15:38:05   【商城新闻---错误】   索引超出了数组界限。

2011-11-7 15:38:05   【商城新闻---错误】   索引超出了数组界限。

2011-11-7 15:38:05   【商城新闻---错误】   索引超出了数组界限。

2011-11-7 15:38:05   【商城新闻---错误】   索引超出了数组界限。

2011-11-7 15:38:05   【商城新闻---错误】   索引超出了数组界限。

2011-11-7 15:38:05   【商城新闻---错误】   索引超出了数组界限。

2011-11-7 15:38:05   【商城新闻---错误】   索引超出了数组界限。

2011-11-7 15:38:05   【商城新闻---错误】   索引超出了数组界限。

2011-11-7 15:38:05   【商城新闻---错误】   索引超出了数组界限。

2011-11-7 15:38:05   【商城新闻---错误】   索引超出了数组界限。

2011-11-7 15:38:05   【商城新闻---错误】   索引超出了数组界限。

2011-11-7 15:38:05   【商城新闻---错误】   索引超出了数组界限。

2011-11-7 15:38:05   【商城新闻---错误】   索引超出了数组界限。

2011-11-7 15:38:05   【商城新闻---错误】   索引超出了数组界限。

2011-11-7 15:38:05   【商城新闻---错误】   索引超出了数组界限。

2011-11-7 15:38:05   【商城新闻---错误】   索引超出了数组界限。

2011-11-7 15:38:05   【商城新闻---错误】   索引超出了数组界限。

2011-11-7 15:38:05   【商城新闻---错误】   索引超出了数组界限。

2011-11-7 15:38:05   【商城新闻---错误】   索引超出了数组界限。

2011-11-7 15:38:05   【商城新闻---错误】   索引超出了数组界限。

2011-11-7 15:38:05   【商城新闻---错误】   索引超出了数组界限。

2011-11-7 15:38:06   【商城新闻---错误】   索引超出了数组界限。

2011-11-7 15:38:06   【商城新闻---错误】   索引超出了数组界限。

2011-11-7 15:38:06   【商城新闻---错误】   索引超出了数组界限。

2011-11-7 15:38:06   【商城新闻---错误】   索引超出了数组界限。

2011-11-7 15:38:06   【商城新闻---错误】   索引超出了数组界限。

2011-11-7 15:38:06   【商城新闻---错误】   索引超出了数组界限。

2011-11-7 15:38:06   【商城新闻---错误】   索引超出了数组界限。

2011-11-7 15:38:06   【商城新闻---错误】   索引超出了数组界限。

2011-11-7 15:38:06   【商城新闻---错误】   索引超出了数组界限。

2011-11-7 15:38:06   【商城新闻---错误】   索引超出了数组界限。

2011-11-7 15:38:06   【商城新闻---错误】   索引超出了数组界限。

2011-11-7 15:38:06   【商城新闻---错误】   索引超出了数组界限。

2011-11-7 15:38:06   【商城新闻---错误】   索引超出了数组界限。

2011-11-7 15:38:06   【商城新闻---错误】   索引超出了数组界限。

2011-11-7 15:38:06   【商城新闻---错误】   索引超出了数组界限。

2011-11-7 15:38:07   【商城新闻---错误】   索引超出了数组界限。

2011-11-7 15:38:07   【商城新闻---错误】   索引超出了数组界限。

2011-11-7 15:38:07   【商城新闻---错误】   索引超出了数组界限。

2011-11-7 15:38:07   【商城新闻---错误】   索引超出了数组界限。

2011-11-7 15:38:07   【商城新闻---错误】   索引超出了数组界限。

2011-11-7 15:38:07   【商城新闻---错误】   索引超出了数组界限。

2011-11-7 15:38:07   【商城新闻---错误】   索引超出了数组界限。

2011-11-7 15:38:07   【商城新闻---错误】   索引超出了数组界限。

2011-11-7 15:38:07   【商城新闻---错误】   索引超出了数组界限。

2011-11-7 15:38:07   【商城新闻---错误】   索引超出了数组界限。

2011-11-7 15:38:07   【商城新闻---错误】   索引超出了数组界限。

2011-11-7 15:38:07   【商城新闻---错误】   索引超出了数组界限。

2011-11-7 15:38:07   【商城新闻---错误】   索引超出了数组界限。

2011-11-7 15:38:07   【商城新闻---错误】   索引超出了数组界限。

2011-11-7 15:38:07   【商城新闻---错误】   索引超出了数组界限。

2011-11-7 15:38:07   【商城新闻---错误】   索引超出了数组界限。

2011-11-7 15:38:07   【商城新闻---错误】   索引超出了数组界限。

2011-11-7 15:38:07   【商城新闻---错误】   索引超出了数组界限。

2011-11-7 15:38:07   【商城新闻---错误】   索引超出了数组界限。

2011-11-7 15:38:07   【商城新闻---错误】   索引超出了数组界限。

2011-11-7 15:38:07   【商城新闻---错误】   索引超出了数组界限。

2011-11-7 15:38:07   【商城新闻---错误】   索引超出了数组界限。

2011-11-7 15:38:07   【商城新闻---错误】   索引超出了数组界限。

2011-11-7 15:38:07   【商城新闻---错误】   索引超出了数组界限。

2011-11-7 15:38:07   【商城新闻---错误】   索引超出了数组界限。

2011-11-7 15:38:07   【商城新闻---错误】   索引超出了数组界限。

2011-11-7 15:38:07   【商城新闻---错误】   索引超出了数组界限。

2011-11-7 15:38:07   【商城新闻---错误】   索引超出了数组界限。

2011-11-7 15:38:07   【商城新闻---错误】   索引超出了数组界限。

2011-11-7 15:38:07   【商城新闻---错误】   索引超出了数组界限。

2011-11-7 15:38:09   【商城新闻---错误】   索引超出了数组界限。

2011-11-7 15:38:09   【商城新闻---错误】   索引超出了数组界限。

2011-11-7 15:38:09   【商城新闻---错误】   索引超出了数组界限。

2011-11-7 15:38:09   【商城新闻---错误】   索引超出了数组界限。

2011-11-7 15:38:09   【商城新闻---错误】   索引超出了数组界限。

2011-11-7 15:38:09   【商城新闻---错误】   索引超出了数组界限。

2011-11-7 15:38:09   【商城新闻---错误】   索引超出了数组界限。

2011-11-7 15:38:09   【商城新闻---错误】   索引超出了数组界限。

2011-11-7 15:38:09   【商城新闻---错误】   索引超出了数组界限。

2011-11-7 15:38:09   【商城新闻---错误】   索引超出了数组界限。

2011-11-7 15:38:09   【商城新闻---错误】   索引超出了数组界限。

2011-11-7 15:38:09   【商城新闻---错误】   索引超出了数组界限。

2011-11-7 15:38:09   【商城新闻---错误】   索引超出了数组界限。

2011-11-7 15:38:11   【商城新闻---错误】   索引超出了数组界限。

2011-11-7 15:38:11   【商城新闻---错误】   索引超出了数组界限。

2011-11-7 15:38:11   【商城新闻---错误】   索引超出了数组界限。

2011-11-7 15:48:27   【商城新闻---错误】   索引超出了数组界限。

2011-11-7 15:48:27   【商城新闻---错误】   索引超出了数组界限。

2011-11-7 15:48:27   【商城新闻---错误】   索引超出了数组界限。

2011-11-7 15:48:27   【商城新闻---错误】   索引超出了数组界限。

2011-11-7 15:48:27   【商城新闻---错误】   索引超出了数组界限。

2011-11-7 15:48:27   【商城新闻---错误】   索引超出了数组界限。

2011-11-7 15:48:27   【商城新闻---错误】   索引超出了数组界限。

2011-11-7 15:48:27   【商城新闻---错误】   索引超出了数组界限。

2011-11-7 15:48:27   【商城新闻---错误】   索引超出了数组界限。

2011-11-7 15:48:27   【商城新闻---错误】   索引超出了数组界限。

2011-11-7 15:48:27   【商城新闻---错误】   索引超出了数组界限。

2011-11-7 15:48:27   【商城新闻---错误】   索引超出了数组界限。

2011-11-7 15:48:27   【商城新闻---错误】   索引超出了数组界限。

2011-11-7 15:48:27   【商城新闻---错误】   索引超出了数组界限。

2011-11-7 15:48:27   【商城新闻---错误】   索引超出了数组界限。

2011-11-7 15:54:34   【商城新闻---错误】   索引超出了数组界限。

2011-11-7 15:54:34   【商城新闻---错误】   索引超出了数组界限。

2011-11-7 15:54:34   【商城新闻---错误】   索引超出了数组界限。

2011-11-7 15:54:34   【商城新闻---错误】   索引超出了数组界限。

2011-11-7 15:54:34   【商城新闻---错误】   索引超出了数组界限。

2011-11-7 15:54:34   【商城新闻---错误】   索引超出了数组界限。

2011-11-7 15:54:34   【商城新闻---错误】   索引超出了数组界限。

2011-11-7 15:54:34   【商城新闻---错误】   索引超出了数组界限。

2011-11-7 15:54:34   【商城新闻---错误】   索引超出了数组界限。

2011-11-7 15:54:34   【商城新闻---错误】   索引超出了数组界限。

2011-11-7 15:54:34   【商城新闻---错误】   索引超出了数组界限。

2011-11-7 15:54:34   【商城新闻---错误】   索引超出了数组界限。

2011-11-7 15:54:35   【商城新闻---错误】   索引超出了数组界限。

2011-11-7 15:54:35   【商城新闻---错误】   索引超出了数组界限。

2011-11-7 15:54:35   【商城新闻---错误】   索引超出了数组界限。

2011-11-7 15:56:10   【商城新闻---错误】   '12' 附近有语法错误。

2011-11-7 15:57:20   【商城新闻---错误】   '12' 附近有语法错误。

2011-11-7 15:59:42   【商城新闻---错误】   索引超出了数组界限。

2011-11-7 15:59:42   【商城新闻---错误】   索引超出了数组界限。

2011-11-7 15:59:42   【商城新闻---错误】   索引超出了数组界限。

2011-11-7 15:59:42   【商城新闻---错误】   索引超出了数组界限。

2011-11-7 15:59:42   【商城新闻---错误】   索引超出了数组界限。

2011-11-7 15:59:42   【商城新闻---错误】   索引超出了数组界限。

2011-11-7 15:59:42   【商城新闻---错误】   索引超出了数组界限。

2011-11-7 15:59:42   【商城新闻---错误】   索引超出了数组界限。

2011-11-7 15:59:42   【商城新闻---错误】   索引超出了数组界限。

2011-11-7 15:59:42   【商城新闻---错误】   索引超出了数组界限。

2011-11-7 15:59:42   【商城新闻---错误】   索引超出了数组界限。

2011-11-7 15:59:42   【商城新闻---错误】   索引超出了数组界限。

2011-11-7 15:59:42   【商城新闻---错误】   索引超出了数组界限。

2011-11-7 15:59:42   【商城新闻---错误】   索引超出了数组界限。

2011-11-7 15:59:42   【商城新闻---错误】   索引超出了数组界限。

2011-11-7 16:02:33   【商城新闻---错误】   索引超出了数组界限。

2011-11-7 16:02:33   【商城新闻---错误】   索引超出了数组界限。

2011-11-7 16:02:33   【商城新闻---错误】   索引超出了数组界限。

2011-11-7 16:02:33   【商城新闻---错误】   索引超出了数组界限。

2011-11-7 16:02:33   【商城新闻---错误】   索引超出了数组界限。

2011-11-7 16:02:33   【商城新闻---错误】   索引超出了数组界限。

2011-11-7 16:02:33   【商城新闻---错误】   索引超出了数组界限。

2011-11-7 16:02:33   【商城新闻---错误】   索引超出了数组界限。

2011-11-7 16:02:33   【商城新闻---错误】   索引超出了数组界限。

2011-11-7 16:02:33   【商城新闻---错误】   索引超出了数组界限。

2011-11-7 16:02:33   【商城新闻---错误】   索引超出了数组界限。

2011-11-7 16:02:33   【商城新闻---错误】   索引超出了数组界限。

2011-11-7 16:02:33   【商城新闻---错误】   索引超出了数组界限。

2011-11-7 16:02:33   【商城新闻---错误】   索引超出了数组界限。

2011-11-7 16:02:33   【商城新闻---错误】   索引超出了数组界限。

2011-11-7 16:02:40   【商城新闻---错误】   索引超出了数组界限。

2011-11-7 16:02:40   【商城新闻---错误】   索引超出了数组界限。

2011-11-7 16:02:40   【商城新闻---错误】   索引超出了数组界限。

2011-11-7 16:02:40   【商城新闻---错误】   索引超出了数组界限。

2011-11-7 16:02:40   【商城新闻---错误】   索引超出了数组界限。

2011-11-7 16:02:40   【商城新闻---错误】   索引超出了数组界限。

2011-11-7 16:02:40   【商城新闻---错误】   索引超出了数组界限。

2011-11-7 16:02:40   【商城新闻---错误】   索引超出了数组界限。

2011-11-7 16:02:40   【商城新闻---错误】   索引超出了数组界限。

2011-11-7 16:02:40   【商城新闻---错误】   索引超出了数组界限。

2011-11-7 16:02:40   【商城新闻---错误】   索引超出了数组界限。

2011-11-7 16:02:40   【商城新闻---错误】   索引超出了数组界限。

2011-11-7 16:02:40   【商城新闻---错误】   索引超出了数组界限。

2011-11-7 16:02:40   【商城新闻---错误】   索引超出了数组界限。

2011-11-7 16:02:40   【商城新闻---错误】   索引超出了数组界限。

2011-11-7 16:02:41   【商城新闻---错误】   索引超出了数组界限。

2011-11-7 16:02:41   【商城新闻---错误】   索引超出了数组界限。

2011-11-7 16:02:41   【商城新闻---错误】   索引超出了数组界限。

2011-11-7 16:02:41   【商城新闻---错误】   索引超出了数组界限。

2011-11-7 16:02:41   【商城新闻---错误】   索引超出了数组界限。

2011-11-7 16:02:41   【商城新闻---错误】   索引超出了数组界限。

2011-11-7 16:02:41   【商城新闻---错误】   索引超出了数组界限。

2011-11-7 16:02:41   【商城新闻---错误】   索引超出了数组界限。

2011-11-7 16:02:41   【商城新闻---错误】   索引超出了数组界限。

2011-11-7 16:02:41   【商城新闻---错误】   索引超出了数组界限。

2011-11-7 16:02:41   【商城新闻---错误】   索引超出了数组界限。

2011-11-7 16:02:41   【商城新闻---错误】   索引超出了数组界限。

2011-11-7 16:02:41   【商城新闻---错误】   索引超出了数组界限。

2011-11-7 16:02:41   【商城新闻---错误】   索引超出了数组界限。

2011-11-7 16:02:41   【商城新闻---错误】   索引超出了数组界限。

2011-11-7 16:02:42   【商城新闻---错误】   索引超出了数组界限。

2011-11-7 16:02:42   【商城新闻---错误】   索引超出了数组界限。

2011-11-7 16:02:42   【商城新闻---错误】   索引超出了数组界限。

2011-11-7 16:02:42   【商城新闻---错误】   索引超出了数组界限。

2011-11-7 16:02:42   【商城新闻---错误】   索引超出了数组界限。

2011-11-7 16:02:42   【商城新闻---错误】   索引超出了数组界限。

2011-11-7 16:02:42   【商城新闻---错误】   索引超出了数组界限。

2011-11-7 16:02:42   【商城新闻---错误】   索引超出了数组界限。

2011-11-7 16:02:43   【商城新闻---错误】   索引超出了数组界限。

2011-11-7 16:02:43   【商城新闻---错误】   索引超出了数组界限。

2011-11-7 16:02:43   【商城新闻---错误】   索引超出了数组界限。

2011-11-7 16:02:43   【商城新闻---错误】   索引超出了数组界限。

2011-11-7 16:02:43   【商城新闻---错误】   索引超出了数组界限。

2011-11-7 16:02:43   【商城新闻---错误】   索引超出了数组界限。

2011-11-7 16:02:43   【商城新闻---错误】   索引超出了数组界限。

2011-11-7 16:02:43   【商城新闻---错误】   索引超出了数组界限。

2011-11-7 16:02:43   【商城新闻---错误】   索引超出了数组界限。

2011-11-7 16:02:43   【商城新闻---错误】   索引超出了数组界限。

2011-11-7 16:02:43   【商城新闻---错误】   索引超出了数组界限。

2011-11-7 16:02:43   【商城新闻---错误】   索引超出了数组界限。

2011-11-7 16:02:43   【商城新闻---错误】   索引超出了数组界限。

2011-11-7 16:02:43   【商城新闻---错误】   索引超出了数组界限。

2011-11-7 16:02:43   【商城新闻---错误】   索引超出了数组界限。

2011-11-7 16:02:43   【商城新闻---错误】   索引超出了数组界限。

2011-11-7 16:02:43   【商城新闻---错误】   索引超出了数组界限。

2011-11-7 16:02:43   【商城新闻---错误】   索引超出了数组界限。

2011-11-7 16:02:43   【商城新闻---错误】   索引超出了数组界限。

2011-11-7 16:02:43   【商城新闻---错误】   索引超出了数组界限。

2011-11-7 16:02:43   【商城新闻---错误】   索引超出了数组界限。

2011-11-7 16:02:43   【商城新闻---错误】   索引超出了数组界限。

2011-11-7 16:02:44   【商城新闻---错误】   索引超出了数组界限。

2011-11-7 16:02:44   【商城新闻---错误】   索引超出了数组界限。

2011-11-7 16:02:44   【商城新闻---错误】   索引超出了数组界限。

2011-11-7 16:02:44   【商城新闻---错误】   索引超出了数组界限。

2011-11-7 16:02:44   【商城新闻---错误】   索引超出了数组界限。

2011-11-7 16:02:44   【商城新闻---错误】   索引超出了数组界限。

2011-11-7 16:02:44   【商城新闻---错误】   索引超出了数组界限。

2011-11-7 16:02:44   【商城新闻---错误】   索引超出了数组界限。

2011-11-7 16:02:44   【商城新闻---错误】   索引超出了数组界限。

2011-11-7 16:02:44   【商城新闻---错误】   索引超出了数组界限。

2011-11-7 16:02:44   【商城新闻---错误】   索引超出了数组界限。

2011-11-7 16:02:44   【商城新闻---错误】   索引超出了数组界限。

2011-11-7 16:02:44   【商城新闻---错误】   索引超出了数组界限。

2011-11-7 16:02:44   【商城新闻---错误】   索引超出了数组界限。

2011-11-7 16:02:44   【商城新闻---错误】   索引超出了数组界限。

2011-11-7 16:02:45   【商城新闻---错误】   索引超出了数组界限。

2011-11-7 16:02:45   【商城新闻---错误】   索引超出了数组界限。

2011-11-7 16:02:45   【商城新闻---错误】   索引超出了数组界限。

2011-11-7 16:02:45   【商城新闻---错误】   索引超出了数组界限。

2011-11-7 16:02:45   【商城新闻---错误】   索引超出了数组界限。

2011-11-7 16:02:45   【商城新闻---错误】   索引超出了数组界限。

2011-11-7 16:02:45   【商城新闻---错误】   索引超出了数组界限。

2011-11-7 16:02:45   【商城新闻---错误】   索引超出了数组界限。

2011-11-7 16:02:45   【商城新闻---错误】   索引超出了数组界限。

2011-11-7 16:02:45   【商城新闻---错误】   索引超出了数组界限。

2011-11-7 16:02:45   【商城新闻---错误】   索引超出了数组界限。

2011-11-7 16:02:45   【商城新闻---错误】   索引超出了数组界限。

2011-11-7 16:02:45   【商城新闻---错误】   索引超出了数组界限。

2011-11-7 16:02:45   【商城新闻---错误】   索引超出了数组界限。

2011-11-7 16:02:45   【商城新闻---错误】   索引超出了数组界限。

2011-11-7 16:02:46   【商城新闻---错误】   索引超出了数组界限。

2011-11-7 16:02:46   【商城新闻---错误】   索引超出了数组界限。

2011-11-7 16:02:46   【商城新闻---错误】   索引超出了数组界限。

2011-11-7 16:02:46   【商城新闻---错误】   索引超出了数组界限。

2011-11-7 16:02:46   【商城新闻---错误】   索引超出了数组界限。

2011-11-7 16:02:46   【商城新闻---错误】   索引超出了数组界限。

2011-11-7 16:02:46   【商城新闻---错误】   索引超出了数组界限。

2011-11-7 16:02:46   【商城新闻---错误】   索引超出了数组界限。

2011-11-7 16:02:46   【商城新闻---错误】   索引超出了数组界限。

2011-11-7 16:02:46   【商城新闻---错误】   索引超出了数组界限。

2011-11-7 16:02:46   【商城新闻---错误】   索引超出了数组界限。

2011-11-7 16:02:46   【商城新闻---错误】   索引超出了数组界限。

2011-11-7 16:02:46   【商城新闻---错误】   索引超出了数组界限。

2011-11-7 16:03:23   【商城新闻---错误】   索引超出了数组界限。

2011-11-7 16:03:23   【商城新闻---错误】   索引超出了数组界限。

2011-11-7 16:03:23   【商城新闻---错误】   索引超出了数组界限。

2011-11-7 16:03:23   【商城新闻---错误】   索引超出了数组界限。

2011-11-7 16:03:23   【商城新闻---错误】   索引超出了数组界限。

2011-11-7 16:03:23   【商城新闻---错误】   索引超出了数组界限。

2011-11-7 16:03:23   【商城新闻---错误】   索引超出了数组界限。

2011-11-7 16:03:23   【商城新闻---错误】   索引超出了数组界限。

2011-11-7 16:03:23   【商城新闻---错误】   索引超出了数组界限。

2011-11-7 16:03:23   【商城新闻---错误】   索引超出了数组界限。

2011-11-7 16:03:23   【商城新闻---错误】   索引超出了数组界限。

2011-11-7 16:03:23   【商城新闻---错误】   索引超出了数组界限。

2011-11-7 16:03:23   【商城新闻---错误】   索引超出了数组界限。

2011-11-7 16:03:23   【商城新闻---错误】   索引超出了数组界限。

2011-11-7 16:03:23   【商城新闻---错误】   索引超出了数组界限。

2011-11-7 16:03:27   【商城新闻---错误】   索引超出了数组界限。

2011-11-7 16:03:27   【商城新闻---错误】   索引超出了数组界限。

2011-11-7 16:03:27   【商城新闻---错误】   索引超出了数组界限。

2011-11-7 16:03:27   【商城新闻---错误】   索引超出了数组界限。

2011-11-7 16:03:27   【商城新闻---错误】   索引超出了数组界限。

2011-11-7 16:03:27   【商城新闻---错误】   索引超出了数组界限。

2011-11-7 16:03:27   【商城新闻---错误】   索引超出了数组界限。

2011-11-7 16:03:27   【商城新闻---错误】   索引超出了数组界限。

2011-11-7 16:03:27   【商城新闻---错误】   索引超出了数组界限。

2011-11-7 16:03:27   【商城新闻---错误】   索引超出了数组界限。

2011-11-7 16:03:27   【商城新闻---错误】   索引超出了数组界限。

2011-11-7 16:03:27   【商城新闻---错误】   索引超出了数组界限。

2011-11-7 16:03:27   【商城新闻---错误】   索引超出了数组界限。

2011-11-7 16:03:27   【商城新闻---错误】   索引超出了数组界限。

2011-11-7 16:03:27   【商城新闻---错误】   索引超出了数组界限。

2011-11-7 16:03:29   【商城新闻---错误】   索引超出了数组界限。

2011-11-7 16:03:29   【商城新闻---错误】   索引超出了数组界限。

2011-11-7 16:03:29   【商城新闻---错误】   索引超出了数组界限。

2011-11-7 16:03:29   【商城新闻---错误】   索引超出了数组界限。

2011-11-7 16:03:29   【商城新闻---错误】   索引超出了数组界限。

2011-11-7 16:03:29   【商城新闻---错误】   索引超出了数组界限。

2011-11-7 16:03:29   【商城新闻---错误】   索引超出了数组界限。

2011-11-7 16:03:29   【商城新闻---错误】   索引超出了数组界限。

2011-11-7 16:03:29   【商城新闻---错误】   索引超出了数组界限。

2011-11-7 16:03:29   【商城新闻---错误】   索引超出了数组界限。

2011-11-7 16:03:29   【商城新闻---错误】   索引超出了数组界限。

2011-11-7 16:03:29   【商城新闻---错误】   索引超出了数组界限。

2011-11-7 16:03:29   【商城新闻---错误】   索引超出了数组界限。

2011-11-7 16:03:29   【商城新闻---错误】   索引超出了数组界限。

2011-11-7 16:03:29   【商城新闻---错误】   索引超出了数组界限。

2011-11-7 16:03:38   【商城新闻---错误】   索引超出了数组界限。

2011-11-7 16:03:38   【商城新闻---错误】   索引超出了数组界限。

2011-11-7 16:03:38   【商城新闻---错误】   索引超出了数组界限。

2011-11-7 16:03:38   【商城新闻---错误】   索引超出了数组界限。

2011-11-7 16:03:38   【商城新闻---错误】   索引超出了数组界限。

2011-11-7 16:03:38   【商城新闻---错误】   索引超出了数组界限。

2011-11-7 16:03:38   【商城新闻---错误】   索引超出了数组界限。

2011-11-7 16:03:38   【商城新闻---错误】   索引超出了数组界限。

2011-11-7 16:03:38   【商城新闻---错误】   索引超出了数组界限。

2011-11-7 16:03:38   【商城新闻---错误】   索引超出了数组界限。

2011-11-7 16:03:38   【商城新闻---错误】   索引超出了数组界限。

2011-11-7 16:03:38   【商城新闻---错误】   索引超出了数组界限。

2011-11-7 16:03:38   【商城新闻---错误】   索引超出了数组界限。

2011-11-7 16:03:38   【商城新闻---错误】   索引超出了数组界限。

2011-11-7 16:03:38   【商城新闻---错误】   索引超出了数组界限。

2011-11-7 16:03:43   【商城新闻---错误】   索引超出了数组界限。

2011-11-7 16:03:43   【商城新闻---错误】   索引超出了数组界限。

2011-11-7 16:03:43   【商城新闻---错误】   索引超出了数组界限。

2011-11-7 16:03:43   【商城新闻---错误】   索引超出了数组界限。

2011-11-7 16:03:43   【商城新闻---错误】   索引超出了数组界限。

2011-11-7 16:03:43   【商城新闻---错误】   索引超出了数组界限。

2011-11-7 16:03:43   【商城新闻---错误】   索引超出了数组界限。

2011-11-7 16:03:43   【商城新闻---错误】   索引超出了数组界限。

2011-11-7 16:03:43   【商城新闻---错误】   索引超出了数组界限。

2011-11-7 16:03:43   【商城新闻---错误】   索引超出了数组界限。

2011-11-7 16:03:43   【商城新闻---错误】   索引超出了数组界限。

2011-11-7 16:03:43   【商城新闻---错误】   索引超出了数组界限。

2011-11-7 16:03:43   【商城新闻---错误】   索引超出了数组界限。

2011-11-7 16:03:43   【商城新闻---错误】   索引超出了数组界限。

2011-11-7 16:03:43   【商城新闻---错误】   索引超出了数组界限。

2011-11-7 16:03:44   【商城新闻---错误】   索引超出了数组界限。

2011-11-7 16:03:44   【商城新闻---错误】   索引超出了数组界限。

2011-11-7 16:03:44   【商城新闻---错误】   索引超出了数组界限。

2011-11-7 16:03:44   【商城新闻---错误】   索引超出了数组界限。

2011-11-7 16:03:44   【商城新闻---错误】   索引超出了数组界限。

2011-11-7 16:03:44   【商城新闻---错误】   索引超出了数组界限。

2011-11-7 16:03:44   【商城新闻---错误】   索引超出了数组界限。

2011-11-7 16:03:44   【商城新闻---错误】   索引超出了数组界限。

2011-11-7 16:03:44   【商城新闻---错误】   索引超出了数组界限。

2011-11-7 16:03:44   【商城新闻---错误】   索引超出了数组界限。

2011-11-7 16:03:44   【商城新闻---错误】   索引超出了数组界限。

2011-11-7 16:03:44   【商城新闻---错误】   索引超出了数组界限。

2011-11-7 16:03:44   【商城新闻---错误】   索引超出了数组界限。

2011-11-7 16:03:44   【商城新闻---错误】   索引超出了数组界限。

2011-11-7 16:03:44   【商城新闻---错误】   索引超出了数组界限。

2011-11-7 16:03:58   【商城新闻---错误】   索引超出了数组界限。

2011-11-7 16:03:58   【商城新闻---错误】   索引超出了数组界限。

